<?xml version="1.0" encoding="UTF-8"?>
<!-- Generated by org.testng.reporters.JUnitXMLReporter -->
<testsuite ignored="0" hostname="TPLWAW-DWX-0082" failures="0" tests="8" name="Default test" time="17.081" errors="0" timestamp="2022-11-08T14:14:02 CET">
  <testcase classname="testpackage.Challenges" name="verifyHomePageTitle" time="0.011"/>
  <testcase classname="testpackage.Challenges" name="verifyABTestingPageHeader" time="0.232"/>
  <testcase classname="testpackage.Challenges" name="verifyElements" time="0.274"/>
  <testcase classname="testpackage.Challenges" name="verifyAlertText" time="0.385"/>
  <testcase classname="testpackage.Challenges" name="verifyGalleryButtonVisibility" time="0.312"/>
  <testcase classname="testpackage.Challenges" name="verifyDynamicControls" time="9.857"/>
  <testcase classname="testpackage.Challenges" name="verifyFileUpload" time="0.805"/>
  <testcase classname="testpackage.Challenges" name="verifyMultipleTabs" time="0.424"/>
</testsuite> <!-- Default test -->
