<?xml version="1.0" encoding="UTF-8"?>
<testng-results ignored="0" total="8" passed="8" failed="0" skipped="0">
  <reporter-output>
  </reporter-output>
  <suite started-at="2022-11-08T14:13:45 CET" name="Default suite" finished-at="2022-11-08T14:14:02 CET" duration-ms="17081">
    <groups>
    </groups>
    <test started-at="2022-11-08T14:13:45 CET" name="Default test" finished-at="2022-11-08T14:14:02 CET" duration-ms="17081">
      <class name="testpackage.Challenges">
        <test-method is-config="true" signature="beforeTest()[pri:0, instance:testpackage.Challenges@38cee291]" started-at="2022-11-08T14:13:45 CET" name="beforeTest" finished-at="2022-11-08T14:13:48 CET" duration-ms="3273" status="PASS">
          <reporter-output>
          </reporter-output>
        </test-method> <!-- beforeTest -->
        <test-method signature="verifyHomePageTitle()[pri:0, instance:testpackage.Challenges@38cee291]" started-at="2022-11-08T14:13:48 CET" name="verifyHomePageTitle" finished-at="2022-11-08T14:13:48 CET" duration-ms="11" status="PASS">
          <reporter-output>
          </reporter-output>
        </test-method> <!-- verifyHomePageTitle -->
        <test-method is-config="true" signature="afterMethod()[pri:0, instance:testpackage.Challenges@38cee291]" started-at="2022-11-08T14:13:48 CET" name="afterMethod" finished-at="2022-11-08T14:13:48 CET" duration-ms="154" status="PASS">
          <reporter-output>
          </reporter-output>
        </test-method> <!-- afterMethod -->
        <test-method signature="verifyABTestingPageHeader()[pri:1, instance:testpackage.Challenges@38cee291]" started-at="2022-11-08T14:13:48 CET" name="verifyABTestingPageHeader" finished-at="2022-11-08T14:13:48 CET" duration-ms="232" status="PASS">
          <reporter-output>
          </reporter-output>
        </test-method> <!-- verifyABTestingPageHeader -->
        <test-method is-config="true" signature="afterMethod()[pri:0, instance:testpackage.Challenges@38cee291]" started-at="2022-11-08T14:13:48 CET" name="afterMethod" finished-at="2022-11-08T14:13:48 CET" duration-ms="156" status="PASS">
          <reporter-output>
          </reporter-output>
        </test-method> <!-- afterMethod -->
        <test-method signature="verifyElements()[pri:2, instance:testpackage.Challenges@38cee291]" started-at="2022-11-08T14:13:48 CET" name="verifyElements" finished-at="2022-11-08T14:13:49 CET" duration-ms="274" status="PASS">
          <reporter-output>
          </reporter-output>
        </test-method> <!-- verifyElements -->
        <test-method is-config="true" signature="afterMethod()[pri:0, instance:testpackage.Challenges@38cee291]" started-at="2022-11-08T14:13:49 CET" name="afterMethod" finished-at="2022-11-08T14:13:49 CET" duration-ms="151" status="PASS">
          <reporter-output>
          </reporter-output>
        </test-method> <!-- afterMethod -->
        <test-method signature="verifyAlertText()[pri:3, instance:testpackage.Challenges@38cee291]" started-at="2022-11-08T14:13:49 CET" name="verifyAlertText" finished-at="2022-11-08T14:13:49 CET" duration-ms="385" status="PASS">
          <reporter-output>
          </reporter-output>
        </test-method> <!-- verifyAlertText -->
        <test-method is-config="true" signature="afterMethod()[pri:0, instance:testpackage.Challenges@38cee291]" started-at="2022-11-08T14:13:49 CET" name="afterMethod" finished-at="2022-11-08T14:13:49 CET" duration-ms="173" status="PASS">
          <reporter-output>
          </reporter-output>
        </test-method> <!-- afterMethod -->
        <test-method signature="verifyGalleryButtonVisibility()[pri:4, instance:testpackage.Challenges@38cee291]" started-at="2022-11-08T14:13:49 CET" name="verifyGalleryButtonVisibility" finished-at="2022-11-08T14:13:50 CET" duration-ms="312" status="PASS">
          <reporter-output>
          </reporter-output>
        </test-method> <!-- verifyGalleryButtonVisibility -->
        <test-method is-config="true" signature="afterMethod()[pri:0, instance:testpackage.Challenges@38cee291]" started-at="2022-11-08T14:13:50 CET" name="afterMethod" finished-at="2022-11-08T14:13:50 CET" duration-ms="163" status="PASS">
          <reporter-output>
          </reporter-output>
        </test-method> <!-- afterMethod -->
        <test-method signature="verifyDynamicControls()[pri:5, instance:testpackage.Challenges@38cee291]" started-at="2022-11-08T14:13:50 CET" name="verifyDynamicControls" finished-at="2022-11-08T14:14:00 CET" duration-ms="9857" status="PASS">
          <reporter-output>
          </reporter-output>
        </test-method> <!-- verifyDynamicControls -->
        <test-method is-config="true" signature="afterMethod()[pri:0, instance:testpackage.Challenges@38cee291]" started-at="2022-11-08T14:14:00 CET" name="afterMethod" finished-at="2022-11-08T14:14:00 CET" duration-ms="171" status="PASS">
          <reporter-output>
          </reporter-output>
        </test-method> <!-- afterMethod -->
        <test-method signature="verifyFileUpload()[pri:6, instance:testpackage.Challenges@38cee291]" started-at="2022-11-08T14:14:00 CET" name="verifyFileUpload" finished-at="2022-11-08T14:14:01 CET" duration-ms="805" status="PASS">
          <reporter-output>
          </reporter-output>
        </test-method> <!-- verifyFileUpload -->
        <test-method is-config="true" signature="afterMethod()[pri:0, instance:testpackage.Challenges@38cee291]" started-at="2022-11-08T14:14:01 CET" name="afterMethod" finished-at="2022-11-08T14:14:01 CET" duration-ms="157" status="PASS">
          <reporter-output>
          </reporter-output>
        </test-method> <!-- afterMethod -->
        <test-method signature="verifyMultipleTabs()[pri:7, instance:testpackage.Challenges@38cee291]" started-at="2022-11-08T14:14:01 CET" name="verifyMultipleTabs" finished-at="2022-11-08T14:14:01 CET" duration-ms="424" status="PASS">
          <reporter-output>
          </reporter-output>
        </test-method> <!-- verifyMultipleTabs -->
        <test-method is-config="true" signature="afterMethod()[pri:0, instance:testpackage.Challenges@38cee291]" started-at="2022-11-08T14:14:01 CET" name="afterMethod" finished-at="2022-11-08T14:14:01 CET" duration-ms="152" status="PASS">
          <reporter-output>
          </reporter-output>
        </test-method> <!-- afterMethod -->
        <test-method is-config="true" signature="afterTest()[pri:0, instance:testpackage.Challenges@38cee291]" started-at="2022-11-08T14:14:01 CET" name="afterTest" finished-at="2022-11-08T14:14:02 CET" duration-ms="195" status="PASS">
          <reporter-output>
          </reporter-output>
        </test-method> <!-- afterTest -->
      </class> <!-- testpackage.Challenges -->
    </test> <!-- Default test -->
  </suite> <!-- Default suite -->
</testng-results>
